---------- Date: 2013-11-09 05:47:52 ~ IP : 185.10.104.130 ----------
REQUEST URI : /busana-muslim-anak/Teezy-TZ-KT003?sort=p.price&amp;order=DESC
MOD DETAILS:
   modFile   : /home/busanaco/public_html/vqmod/xml/blog_manager.xml
   id        : Blog Manager
   version   : 1.3.3
   vqmver    : 2.1.0
   author    : EchoThemes.com

File Name    : catalog/view/theme/*/template/common/header.tpl(0)
VQModObject::applyMod - SEARCH NOT FOUND (ABORTING MOD): lang="<?php echo $lang; ?>"

MOD DETAILS:
   modFile   : /home/busanaco/public_html/vqmod/xml/custom_body_classes.xml
   id        : Add custom classes to body
   version   : 1.0.1
   vqmver    : 2.1
   author    : everthemes.com

File Name    : catalog/view/theme/*/template/common/header.tpl(0)
VQModObject::applyMod - SEARCH NOT FOUND (ABORTING MOD): <body class="<?php echo $base_class; ?>">
----------------------------------------------------------------------


---------- Date: 2013-11-09 05:47:55 ~ IP : 208.115.111.75 ----------
REQUEST URI : /robots.txt
MOD DETAILS:
   modFile   : /home/busanaco/public_html/vqmod/xml/blog_manager.xml
   id        : Blog Manager
   version   : 1.3.3
   vqmver    : 2.1.0
   author    : EchoThemes.com

File Name    : catalog/view/theme/*/template/common/header.tpl(0)
VQModObject::applyMod - SEARCH NOT FOUND (ABORTING MOD): lang="<?php echo $lang; ?>"

MOD DETAILS:
   modFile   : /home/busanaco/public_html/vqmod/xml/custom_body_classes.xml
   id        : Add custom classes to body
   version   : 1.0.1
   vqmver    : 2.1
   author    : everthemes.com

File Name    : catalog/view/theme/*/template/common/header.tpl(0)
VQModObject::applyMod - SEARCH NOT FOUND (ABORTING MOD): <body class="<?php echo $base_class; ?>">
----------------------------------------------------------------------


---------- Date: 2013-11-09 05:47:57 ~ IP : 180.214.233.72 ----------
REQUEST URI : /
MOD DETAILS:
   modFile   : /home/busanaco/public_html/vqmod/xml/blog_manager.xml
   id        : Blog Manager
   version   : 1.3.3
   vqmver    : 2.1.0
   author    : EchoThemes.com

File Name    : catalog/view/theme/*/template/common/header.tpl(0)
VQModObject::applyMod - SEARCH NOT FOUND (ABORTING MOD): lang="<?php echo $lang; ?>"

MOD DETAILS:
   modFile   : /home/busanaco/public_html/vqmod/xml/custom_body_classes.xml
   id        : Add custom classes to body
   version   : 1.0.1
   vqmver    : 2.1
   author    : everthemes.com

File Name    : catalog/view/theme/*/template/common/header.tpl(0)
VQModObject::applyMod - SEARCH NOT FOUND (ABORTING MOD): <body class="<?php echo $base_class; ?>">
----------------------------------------------------------------------


---------- Date: 2013-11-09 05:48:00 ~ IP : 180.76.5.24 ----------
REQUEST URI : /busana-anak/tas-anak/tas-anak-perempuan/Tas-Anak-Perempuan-New-Soul-NPH-0506?sort=p.sort_order&amp;order=ASC
MOD DETAILS:
   modFile   : /home/busanaco/public_html/vqmod/xml/blog_manager.xml
   id        : Blog Manager
   version   : 1.3.3
   vqmver    : 2.1.0
   author    : EchoThemes.com

File Name    : catalog/view/theme/*/template/common/header.tpl(0)
VQModObject::applyMod - SEARCH NOT FOUND (ABORTING MOD): lang="<?php echo $lang; ?>"

MOD DETAILS:
   modFile   : /home/busanaco/public_html/vqmod/xml/custom_body_classes.xml
   id        : Add custom classes to body
   version   : 1.0.1
   vqmver    : 2.1
   author    : everthemes.com

File Name    : catalog/view/theme/*/template/common/header.tpl(0)
VQModObject::applyMod - SEARCH NOT FOUND (ABORTING MOD): <body class="<?php echo $base_class; ?>">
----------------------------------------------------------------------


---------- Date: 2013-11-09 05:48:03 ~ IP : 54.244.56.142 ----------
REQUEST URI : /
MOD DETAILS:
   modFile   : /home/busanaco/public_html/vqmod/xml/blog_manager.xml
   id        : Blog Manager
   version   : 1.3.3
   vqmver    : 2.1.0
   author    : EchoThemes.com

File Name    : catalog/view/theme/*/template/common/header.tpl(0)
VQModObject::applyMod - SEARCH NOT FOUND (ABORTING MOD): lang="<?php echo $lang; ?>"

MOD DETAILS:
   modFile   : /home/busanaco/public_html/vqmod/xml/custom_body_classes.xml
   id        : Add custom classes to body
   version   : 1.0.1
   vqmver    : 2.1
   author    : everthemes.com

File Name    : catalog/view/theme/*/template/common/header.tpl(0)
VQModObject::applyMod - SEARCH NOT FOUND (ABORTING MOD): <body class="<?php echo $base_class; ?>">
----------------------------------------------------------------------


---------- Date: 2013-11-09 05:48:05 ~ IP : 180.246.79.102 ----------
REQUEST URI : /tips-dan-trends/gaya-maudy-koesnaedi-saat-berkebaya
MOD DETAILS:
   modFile   : /home/busanaco/public_html/vqmod/xml/blog_manager.xml
   id        : Blog Manager
   version   : 1.3.3
   vqmver    : 2.1.0
   author    : EchoThemes.com

File Name    : catalog/view/theme/*/template/common/header.tpl(0)
VQModObject::applyMod - SEARCH NOT FOUND (ABORTING MOD): lang="<?php echo $lang; ?>"

MOD DETAILS:
   modFile   : /home/busanaco/public_html/vqmod/xml/custom_body_classes.xml
   id        : Add custom classes to body
   version   : 1.0.1
   vqmver    : 2.1
   author    : everthemes.com

File Name    : catalog/view/theme/*/template/common/header.tpl(0)
VQModObject::applyMod - SEARCH NOT FOUND (ABORTING MOD): <body class="<?php echo $base_class; ?>">
----------------------------------------------------------------------


---------- Date: 2013-11-09 05:48:06 ~ IP : 180.246.79.102 ----------
REQUEST URI : /tips-dan-trends/catalog/view/javascript/jquery/jquery.total-storage.min.js
MOD DETAILS:
   modFile   : /home/busanaco/public_html/vqmod/xml/blog_manager.xml
   id        : Blog Manager
   version   : 1.3.3
   vqmver    : 2.1.0
   author    : EchoThemes.com

File Name    : catalog/view/theme/*/template/common/header.tpl(0)
VQModObject::applyMod - SEARCH NOT FOUND (ABORTING MOD): lang="<?php echo $lang; ?>"

MOD DETAILS:
   modFile   : /home/busanaco/public_html/vqmod/xml/custom_body_classes.xml
   id        : Add custom classes to body
   version   : 1.0.1
   vqmver    : 2.1
   author    : everthemes.com

File Name    : catalog/view/theme/*/template/common/header.tpl(0)
VQModObject::applyMod - SEARCH NOT FOUND (ABORTING MOD): <body class="<?php echo $base_class; ?>">
----------------------------------------------------------------------


---------- Date: 2013-11-09 05:48:08 ~ IP : 180.246.79.102 ----------
REQUEST URI : /tips-dan-trends/index.php?route=blog/article/captcha
MOD DETAILS:
   modFile   : /home/busanaco/public_html/vqmod/xml/blog_manager.xml
   id        : Blog Manager
   version   : 1.3.3
   vqmver    : 2.1.0
   author    : EchoThemes.com

File Name    : catalog/view/theme/*/template/common/header.tpl(0)
VQModObject::applyMod - SEARCH NOT FOUND (ABORTING MOD): lang="<?php echo $lang; ?>"

MOD DETAILS:
   modFile   : /home/busanaco/public_html/vqmod/xml/custom_body_classes.xml
   id        : Add custom classes to body
   version   : 1.0.1
   vqmver    : 2.1
   author    : everthemes.com

File Name    : catalog/view/theme/*/template/common/header.tpl(0)
VQModObject::applyMod - SEARCH NOT FOUND (ABORTING MOD): <body class="<?php echo $base_class; ?>">
----------------------------------------------------------------------


---------- Date: 2013-11-09 05:48:09 ~ IP : 180.246.79.102 ----------
REQUEST URI : /tips-dan-trends/catalog/view/theme/fortuna/images/icons/facebook.png
MOD DETAILS:
   modFile   : /home/busanaco/public_html/vqmod/xml/blog_manager.xml
   id        : Blog Manager
   version   : 1.3.3
   vqmver    : 2.1.0
   author    : EchoThemes.com

File Name    : catalog/view/theme/*/template/common/header.tpl(0)
VQModObject::applyMod - SEARCH NOT FOUND (ABORTING MOD): lang="<?php echo $lang; ?>"

MOD DETAILS:
   modFile   : /home/busanaco/public_html/vqmod/xml/custom_body_classes.xml
   id        : Add custom classes to body
   version   : 1.0.1
   vqmver    : 2.1
   author    : everthemes.com

File Name    : catalog/view/theme/*/template/common/header.tpl(0)
VQModObject::applyMod - SEARCH NOT FOUND (ABORTING MOD): <body class="<?php echo $base_class; ?>">
----------------------------------------------------------------------


---------- Date: 2013-11-09 05:48:09 ~ IP : 180.246.79.102 ----------
REQUEST URI : /tips-dan-trends/catalog/view/theme/fortuna/images/icons/twitter.png
MOD DETAILS:
   modFile   : /home/busanaco/public_html/vqmod/xml/blog_manager.xml
   id        : Blog Manager
   version   : 1.3.3
   vqmver    : 2.1.0
   author    : EchoThemes.com

File Name    : catalog/view/theme/*/template/common/header.tpl(0)
VQModObject::applyMod - SEARCH NOT FOUND (ABORTING MOD): lang="<?php echo $lang; ?>"

MOD DETAILS:
   modFile   : /home/busanaco/public_html/vqmod/xml/custom_body_classes.xml
   id        : Add custom classes to body
   version   : 1.0.1
   vqmver    : 2.1
   author    : everthemes.com

File Name    : catalog/view/theme/*/template/common/header.tpl(0)
VQModObject::applyMod - SEARCH NOT FOUND (ABORTING MOD): <body class="<?php echo $base_class; ?>">
----------------------------------------------------------------------


---------- Date: 2013-11-09 05:48:10 ~ IP : 180.246.79.102 ----------
REQUEST URI : /tips-dan-trends/catalog/view/theme/fortuna/images/icons/pinterest.png
MOD DETAILS:
   modFile   : /home/busanaco/public_html/vqmod/xml/blog_manager.xml
   id        : Blog Manager
   version   : 1.3.3
   vqmver    : 2.1.0
   author    : EchoThemes.com

File Name    : catalog/view/theme/*/template/common/header.tpl(0)
VQModObject::applyMod - SEARCH NOT FOUND (ABORTING MOD): lang="<?php echo $lang; ?>"

MOD DETAILS:
   modFile   : /home/busanaco/public_html/vqmod/xml/custom_body_classes.xml
   id        : Add custom classes to body
   version   : 1.0.1
   vqmver    : 2.1
   author    : everthemes.com

File Name    : catalog/view/theme/*/template/common/header.tpl(0)
VQModObject::applyMod - SEARCH NOT FOUND (ABORTING MOD): <body class="<?php echo $base_class; ?>">
----------------------------------------------------------------------


---------- Date: 2013-11-09 05:48:10 ~ IP : 180.76.5.158 ----------
REQUEST URI : /Kemeja-Batik-Anak-KID-304?filter_tag=rok%20anak&amp;page=4&amp;limit=50
MOD DETAILS:
   modFile   : /home/busanaco/public_html/vqmod/xml/blog_manager.xml
   id        : Blog Manager
   version   : 1.3.3
   vqmver    : 2.1.0
   author    : EchoThemes.com

File Name    : catalog/view/theme/*/template/common/header.tpl(0)
VQModObject::applyMod - SEARCH NOT FOUND (ABORTING MOD): lang="<?php echo $lang; ?>"

MOD DETAILS:
   modFile   : /home/busanaco/public_html/vqmod/xml/custom_body_classes.xml
   id        : Add custom classes to body
   version   : 1.0.1
   vqmver    : 2.1
   author    : everthemes.com

File Name    : catalog/view/theme/*/template/common/header.tpl(0)
VQModObject::applyMod - SEARCH NOT FOUND (ABORTING MOD): <body class="<?php echo $base_class; ?>">
----------------------------------------------------------------------


---------- Date: 2013-11-09 05:48:11 ~ IP : 180.246.79.102 ----------
REQUEST URI : /favicon.ico
MOD DETAILS:
   modFile   : /home/busanaco/public_html/vqmod/xml/blog_manager.xml
   id        : Blog Manager
   version   : 1.3.3
   vqmver    : 2.1.0
   author    : EchoThemes.com

File Name    : catalog/view/theme/*/template/common/header.tpl(0)
VQModObject::applyMod - SEARCH NOT FOUND (ABORTING MOD): lang="<?php echo $lang; ?>"

MOD DETAILS:
   modFile   : /home/busanaco/public_html/vqmod/xml/custom_body_classes.xml
   id        : Add custom classes to body
   version   : 1.0.1
   vqmver    : 2.1
   author    : everthemes.com

File Name    : catalog/view/theme/*/template/common/header.tpl(0)
VQModObject::applyMod - SEARCH NOT FOUND (ABORTING MOD): <body class="<?php echo $base_class; ?>">
----------------------------------------------------------------------


---------- Date: 2013-11-09 05:48:12 ~ IP : 180.246.79.102 ----------
REQUEST URI : /favicon.ico
MOD DETAILS:
   modFile   : /home/busanaco/public_html/vqmod/xml/blog_manager.xml
   id        : Blog Manager
   version   : 1.3.3
   vqmver    : 2.1.0
   author    : EchoThemes.com

File Name    : catalog/view/theme/*/template/common/header.tpl(0)
VQModObject::applyMod - SEARCH NOT FOUND (ABORTING MOD): lang="<?php echo $lang; ?>"

MOD DETAILS:
   modFile   : /home/busanaco/public_html/vqmod/xml/custom_body_classes.xml
   id        : Add custom classes to body
   version   : 1.0.1
   vqmver    : 2.1
   author    : everthemes.com

File Name    : catalog/view/theme/*/template/common/header.tpl(0)
VQModObject::applyMod - SEARCH NOT FOUND (ABORTING MOD): <body class="<?php echo $base_class; ?>">
----------------------------------------------------------------------


---------- Date: 2013-11-09 05:48:13 ~ IP : 54.244.56.142 ----------
REQUEST URI : /favicon.ico
MOD DETAILS:
   modFile   : /home/busanaco/public_html/vqmod/xml/blog_manager.xml
   id        : Blog Manager
   version   : 1.3.3
   vqmver    : 2.1.0
   author    : EchoThemes.com

File Name    : catalog/view/theme/*/template/common/header.tpl(0)
VQModObject::applyMod - SEARCH NOT FOUND (ABORTING MOD): lang="<?php echo $lang; ?>"

MOD DETAILS:
   modFile   : /home/busanaco/public_html/vqmod/xml/custom_body_classes.xml
   id        : Add custom classes to body
   version   : 1.0.1
   vqmver    : 2.1
   author    : everthemes.com

File Name    : catalog/view/theme/*/template/common/header.tpl(0)
VQModObject::applyMod - SEARCH NOT FOUND (ABORTING MOD): <body class="<?php echo $base_class; ?>">
----------------------------------------------------------------------


---------- Date: 2013-11-09 05:48:13 ~ IP : 114.221.203.131 ----------
REQUEST URI : /
MOD DETAILS:
   modFile   : /home/busanaco/public_html/vqmod/xml/blog_manager.xml
   id        : Blog Manager
   version   : 1.3.3
   vqmver    : 2.1.0
   author    : EchoThemes.com

File Name    : catalog/view/theme/*/template/common/header.tpl(0)
VQModObject::applyMod - SEARCH NOT FOUND (ABORTING MOD): lang="<?php echo $lang; ?>"

MOD DETAILS:
   modFile   : /home/busanaco/public_html/vqmod/xml/custom_body_classes.xml
   id        : Add custom classes to body
   version   : 1.0.1
   vqmver    : 2.1
   author    : everthemes.com

File Name    : catalog/view/theme/*/template/common/header.tpl(0)
VQModObject::applyMod - SEARCH NOT FOUND (ABORTING MOD): <body class="<?php echo $base_class; ?>">
----------------------------------------------------------------------


---------- Date: 2013-11-09 05:48:13 ~ IP : 180.248.226.44 ----------
REQUEST URI : /tas?limit=75
MOD DETAILS:
   modFile   : /home/busanaco/public_html/vqmod/xml/blog_manager.xml
   id        : Blog Manager
   version   : 1.3.3
   vqmver    : 2.1.0
   author    : EchoThemes.com

File Name    : catalog/view/theme/*/template/common/header.tpl(0)
VQModObject::applyMod - SEARCH NOT FOUND (ABORTING MOD): lang="<?php echo $lang; ?>"

MOD DETAILS:
   modFile   : /home/busanaco/public_html/vqmod/xml/custom_body_classes.xml
   id        : Add custom classes to body
   version   : 1.0.1
   vqmver    : 2.1
   author    : everthemes.com

File Name    : catalog/view/theme/*/template/common/header.tpl(0)
VQModObject::applyMod - SEARCH NOT FOUND (ABORTING MOD): <body class="<?php echo $base_class; ?>">
----------------------------------------------------------------------


---------- Date: 2013-11-09 05:48:16 ~ IP : 180.248.226.44 ----------
REQUEST URI : /favicon.ico
MOD DETAILS:
   modFile   : /home/busanaco/public_html/vqmod/xml/blog_manager.xml
   id        : Blog Manager
   version   : 1.3.3
   vqmver    : 2.1.0
   author    : EchoThemes.com

File Name    : catalog/view/theme/*/template/common/header.tpl(0)
VQModObject::applyMod - SEARCH NOT FOUND (ABORTING MOD): lang="<?php echo $lang; ?>"

MOD DETAILS:
   modFile   : /home/busanaco/public_html/vqmod/xml/custom_body_classes.xml
   id        : Add custom classes to body
   version   : 1.0.1
   vqmver    : 2.1
   author    : everthemes.com

File Name    : catalog/view/theme/*/template/common/header.tpl(0)
VQModObject::applyMod - SEARCH NOT FOUND (ABORTING MOD): <body class="<?php echo $base_class; ?>">
----------------------------------------------------------------------


---------- Date: 2013-11-09 05:48:18 ~ IP : 66.249.77.126 ----------
REQUEST URI : /Nuhijab/Jilbab-Nuhijab-H2C-Yellow-Cream?sort=rating&amp;order=ASC&amp;limit=100
MOD DETAILS:
   modFile   : /home/busanaco/public_html/vqmod/xml/blog_manager.xml
   id        : Blog Manager
   version   : 1.3.3
   vqmver    : 2.1.0
   author    : EchoThemes.com

File Name    : catalog/view/theme/*/template/common/header.tpl(0)
VQModObject::applyMod - SEARCH NOT FOUND (ABORTING MOD): lang="<?php echo $lang; ?>"

MOD DETAILS:
   modFile   : /home/busanaco/public_html/vqmod/xml/custom_body_classes.xml
   id        : Add custom classes to body
   version   : 1.0.1
   vqmver    : 2.1
   author    : everthemes.com

File Name    : catalog/view/theme/*/template/common/header.tpl(0)
VQModObject::applyMod - SEARCH NOT FOUND (ABORTING MOD): <body class="<?php echo $base_class; ?>">
----------------------------------------------------------------------


---------- Date: 2013-11-09 05:48:18 ~ IP : 180.76.5.61 ----------
REQUEST URI : /busana-anak/tas-anak/tas-anak-perempuan/Tas-Anak-Catenzo-ZR-002?order=DESC&amp;limit=100
MOD DETAILS:
   modFile   : /home/busanaco/public_html/vqmod/xml/blog_manager.xml
   id        : Blog Manager
   version   : 1.3.3
   vqmver    : 2.1.0
   author    : EchoThemes.com

File Name    : catalog/view/theme/*/template/common/header.tpl(0)
VQModObject::applyMod - SEARCH NOT FOUND (ABORTING MOD): lang="<?php echo $lang; ?>"

MOD DETAILS:
   modFile   : /home/busanaco/public_html/vqmod/xml/custom_body_classes.xml
   id        : Add custom classes to body
   version   : 1.0.1
   vqmver    : 2.1
   author    : everthemes.com

File Name    : catalog/view/theme/*/template/common/header.tpl(0)
VQModObject::applyMod - SEARCH NOT FOUND (ABORTING MOD): <body class="<?php echo $base_class; ?>">
----------------------------------------------------------------------


---------- Date: 2013-11-09 05:48:23 ~ IP : 180.248.226.44 ----------
REQUEST URI : /busana-wanita/tas/dompet
MOD DETAILS:
   modFile   : /home/busanaco/public_html/vqmod/xml/blog_manager.xml
   id        : Blog Manager
   version   : 1.3.3
   vqmver    : 2.1.0
   author    : EchoThemes.com

File Name    : catalog/view/theme/*/template/common/header.tpl(0)
VQModObject::applyMod - SEARCH NOT FOUND (ABORTING MOD): lang="<?php echo $lang; ?>"

MOD DETAILS:
   modFile   : /home/busanaco/public_html/vqmod/xml/custom_body_classes.xml
   id        : Add custom classes to body
   version   : 1.0.1
   vqmver    : 2.1
   author    : everthemes.com

File Name    : catalog/view/theme/*/template/common/header.tpl(0)
VQModObject::applyMod - SEARCH NOT FOUND (ABORTING MOD): <body class="<?php echo $base_class; ?>">
----------------------------------------------------------------------


---------- Date: 2013-11-09 05:48:24 ~ IP : 180.248.226.44 ----------
REQUEST URI : /busana-wanita/tas/catalog/view/theme/fortuna/js/jquery.dcjqaccordion.js
MOD DETAILS:
   modFile   : /home/busanaco/public_html/vqmod/xml/blog_manager.xml
   id        : Blog Manager
   version   : 1.3.3
   vqmver    : 2.1.0
   author    : EchoThemes.com

File Name    : catalog/view/theme/*/template/common/header.tpl(0)
VQModObject::applyMod - SEARCH NOT FOUND (ABORTING MOD): lang="<?php echo $lang; ?>"

MOD DETAILS:
   modFile   : /home/busanaco/public_html/vqmod/xml/custom_body_classes.xml
   id        : Add custom classes to body
   version   : 1.0.1
   vqmver    : 2.1
   author    : everthemes.com

File Name    : catalog/view/theme/*/template/common/header.tpl(0)
VQModObject::applyMod - SEARCH NOT FOUND (ABORTING MOD): <body class="<?php echo $base_class; ?>">
----------------------------------------------------------------------


---------- Date: 2013-11-09 05:48:25 ~ IP : 180.248.226.44 ----------
REQUEST URI : /busana-wanita/tas/catalog/view/javascript/jquery/jquery.total-storage.min.js
MOD DETAILS:
   modFile   : /home/busanaco/public_html/vqmod/xml/blog_manager.xml
   id        : Blog Manager
   version   : 1.3.3
   vqmver    : 2.1.0
   author    : EchoThemes.com

File Name    : catalog/view/theme/*/template/common/header.tpl(0)
VQModObject::applyMod - SEARCH NOT FOUND (ABORTING MOD): lang="<?php echo $lang; ?>"

MOD DETAILS:
   modFile   : /home/busanaco/public_html/vqmod/xml/custom_body_classes.xml
   id        : Add custom classes to body
   version   : 1.0.1
   vqmver    : 2.1
   author    : everthemes.com

File Name    : catalog/view/theme/*/template/common/header.tpl(0)
VQModObject::applyMod - SEARCH NOT FOUND (ABORTING MOD): <body class="<?php echo $base_class; ?>">
----------------------------------------------------------------------


---------- Date: 2013-11-09 05:48:25 ~ IP : 180.248.226.44 ----------
REQUEST URI : /busana-wanita/tas/catalog/view/theme/fortuna/images/icons/facebook.png
MOD DETAILS:
   modFile   : /home/busanaco/public_html/vqmod/xml/blog_manager.xml
   id        : Blog Manager
   version   : 1.3.3
   vqmver    : 2.1.0
   author    : EchoThemes.com

File Name    : catalog/view/theme/*/template/common/header.tpl(0)
VQModObject::applyMod - SEARCH NOT FOUND (ABORTING MOD): lang="<?php echo $lang; ?>"

MOD DETAILS:
   modFile   : /home/busanaco/public_html/vqmod/xml/custom_body_classes.xml
   id        : Add custom classes to body
   version   : 1.0.1
   vqmver    : 2.1
   author    : everthemes.com

File Name    : catalog/view/theme/*/template/common/header.tpl(0)
VQModObject::applyMod - SEARCH NOT FOUND (ABORTING MOD): <body class="<?php echo $base_class; ?>">
----------------------------------------------------------------------


---------- Date: 2013-11-09 05:48:26 ~ IP : 180.248.226.44 ----------
REQUEST URI : /busana-wanita/tas/catalog/view/theme/fortuna/images/icons/pinterest.png
MOD DETAILS:
   modFile   : /home/busanaco/public_html/vqmod/xml/blog_manager.xml
   id        : Blog Manager
   version   : 1.3.3
   vqmver    : 2.1.0
   author    : EchoThemes.com

File Name    : catalog/view/theme/*/template/common/header.tpl(0)
VQModObject::applyMod - SEARCH NOT FOUND (ABORTING MOD): lang="<?php echo $lang; ?>"

MOD DETAILS:
   modFile   : /home/busanaco/public_html/vqmod/xml/custom_body_classes.xml
   id        : Add custom classes to body
   version   : 1.0.1
   vqmver    : 2.1
   author    : everthemes.com

File Name    : catalog/view/theme/*/template/common/header.tpl(0)
VQModObject::applyMod - SEARCH NOT FOUND (ABORTING MOD): <body class="<?php echo $base_class; ?>">
----------------------------------------------------------------------


---------- Date: 2013-11-09 05:48:26 ~ IP : 180.248.226.44 ----------
REQUEST URI : /busana-wanita/tas/catalog/view/theme/fortuna/images/icons/twitter.png
MOD DETAILS:
   modFile   : /home/busanaco/public_html/vqmod/xml/blog_manager.xml
   id        : Blog Manager
   version   : 1.3.3
   vqmver    : 2.1.0
   author    : EchoThemes.com

File Name    : catalog/view/theme/*/template/common/header.tpl(0)
VQModObject::applyMod - SEARCH NOT FOUND (ABORTING MOD): lang="<?php echo $lang; ?>"

MOD DETAILS:
   modFile   : /home/busanaco/public_html/vqmod/xml/custom_body_classes.xml
   id        : Add custom classes to body
   version   : 1.0.1
   vqmver    : 2.1
   author    : everthemes.com

File Name    : catalog/view/theme/*/template/common/header.tpl(0)
VQModObject::applyMod - SEARCH NOT FOUND (ABORTING MOD): <body class="<?php echo $base_class; ?>">
----------------------------------------------------------------------


---------- Date: 2013-11-09 05:48:27 ~ IP : 180.248.226.44 ----------
REQUEST URI : /busana-wanita/tas/catalog/view/theme/fortuna/images/icons/facebook.png
MOD DETAILS:
   modFile   : /home/busanaco/public_html/vqmod/xml/blog_manager.xml
   id        : Blog Manager
   version   : 1.3.3
   vqmver    : 2.1.0
   author    : EchoThemes.com

File Name    : catalog/view/theme/*/template/common/header.tpl(0)
VQModObject::applyMod - SEARCH NOT FOUND (ABORTING MOD): lang="<?php echo $lang; ?>"

MOD DETAILS:
   modFile   : /home/busanaco/public_html/vqmod/xml/custom_body_classes.xml
   id        : Add custom classes to body
   version   : 1.0.1
   vqmver    : 2.1
   author    : everthemes.com

File Name    : catalog/view/theme/*/template/common/header.tpl(0)
VQModObject::applyMod - SEARCH NOT FOUND (ABORTING MOD): <body class="<?php echo $base_class; ?>">
----------------------------------------------------------------------


---------- Date: 2013-11-09 05:48:28 ~ IP : 180.76.6.213 ----------
REQUEST URI : /busana-anak/tas-anak/tas-anak-perempuan/Tas-Anak-Perempuan-New-Soul-NYY-2114?sort=p.model&amp;order=DESC&amp;limit=25
MOD DETAILS:
   modFile   : /home/busanaco/public_html/vqmod/xml/blog_manager.xml
   id        : Blog Manager
   version   : 1.3.3
   vqmver    : 2.1.0
   author    : EchoThemes.com

File Name    : catalog/view/theme/*/template/common/header.tpl(0)
VQModObject::applyMod - SEARCH NOT FOUND (ABORTING MOD): lang="<?php echo $lang; ?>"

MOD DETAILS:
   modFile   : /home/busanaco/public_html/vqmod/xml/custom_body_classes.xml
   id        : Add custom classes to body
   version   : 1.0.1
   vqmver    : 2.1
   author    : everthemes.com

File Name    : catalog/view/theme/*/template/common/header.tpl(0)
VQModObject::applyMod - SEARCH NOT FOUND (ABORTING MOD): <body class="<?php echo $base_class; ?>">
----------------------------------------------------------------------


---------- Date: 2013-11-09 05:48:28 ~ IP : 66.249.77.126 ----------
REQUEST URI : /Sepatu-Kasual-Wanita-Garsel-Shoes-R-118
MOD DETAILS:
   modFile   : /home/busanaco/public_html/vqmod/xml/blog_manager.xml
   id        : Blog Manager
   version   : 1.3.3
   vqmver    : 2.1.0
   author    : EchoThemes.com

File Name    : catalog/view/theme/*/template/common/header.tpl(0)
VQModObject::applyMod - SEARCH NOT FOUND (ABORTING MOD): lang="<?php echo $lang; ?>"

MOD DETAILS:
   modFile   : /home/busanaco/public_html/vqmod/xml/custom_body_classes.xml
   id        : Add custom classes to body
   version   : 1.0.1
   vqmver    : 2.1
   author    : everthemes.com

File Name    : catalog/view/theme/*/template/common/header.tpl(0)
VQModObject::applyMod - SEARCH NOT FOUND (ABORTING MOD): <body class="<?php echo $base_class; ?>">
----------------------------------------------------------------------


---------- Date: 2013-11-09 05:48:28 ~ IP : 180.248.226.44 ----------
REQUEST URI : /busana-wanita/tas/catalog/view/javascript/jquery/jquery.total-storage.min.js
MOD DETAILS:
   modFile   : /home/busanaco/public_html/vqmod/xml/blog_manager.xml
   id        : Blog Manager
   version   : 1.3.3
   vqmver    : 2.1.0
   author    : EchoThemes.com

File Name    : catalog/view/theme/*/template/common/header.tpl(0)
VQModObject::applyMod - SEARCH NOT FOUND (ABORTING MOD): lang="<?php echo $lang; ?>"

MOD DETAILS:
   modFile   : /home/busanaco/public_html/vqmod/xml/custom_body_classes.xml
   id        : Add custom classes to body
   version   : 1.0.1
   vqmver    : 2.1
   author    : everthemes.com

File Name    : catalog/view/theme/*/template/common/header.tpl(0)
VQModObject::applyMod - SEARCH NOT FOUND (ABORTING MOD): <body class="<?php echo $base_class; ?>">
----------------------------------------------------------------------


---------- Date: 2013-11-09 05:48:34 ~ IP : 180.76.5.140 ----------
REQUEST URI : /busana-anak/tas-anak/tas-anak-perempuan/Tas%20Anak-Garsel-Fashion-GWI-8306?sort=p.price&amp;order=DESC
MOD DETAILS:
   modFile   : /home/busanaco/public_html/vqmod/xml/blog_manager.xml
   id        : Blog Manager
   version   : 1.3.3
   vqmver    : 2.1.0
   author    : EchoThemes.com

File Name    : catalog/view/theme/*/template/common/header.tpl(0)
VQModObject::applyMod - SEARCH NOT FOUND (ABORTING MOD): lang="<?php echo $lang; ?>"

MOD DETAILS:
   modFile   : /home/busanaco/public_html/vqmod/xml/custom_body_classes.xml
   id        : Add custom classes to body
   version   : 1.0.1
   vqmver    : 2.1
   author    : everthemes.com

File Name    : catalog/view/theme/*/template/common/header.tpl(0)
VQModObject::applyMod - SEARCH NOT FOUND (ABORTING MOD): <body class="<?php echo $base_class; ?>">
----------------------------------------------------------------------


---------- Date: 2013-11-09 05:48:35 ~ IP : 54.244.56.142 ----------
REQUEST URI : /busana-wanita/pakaian
MOD DETAILS:
   modFile   : /home/busanaco/public_html/vqmod/xml/blog_manager.xml
   id        : Blog Manager
   version   : 1.3.3
   vqmver    : 2.1.0
   author    : EchoThemes.com

File Name    : catalog/view/theme/*/template/common/header.tpl(0)
VQModObject::applyMod - SEARCH NOT FOUND (ABORTING MOD): lang="<?php echo $lang; ?>"

MOD DETAILS:
   modFile   : /home/busanaco/public_html/vqmod/xml/custom_body_classes.xml
   id        : Add custom classes to body
   version   : 1.0.1
   vqmver    : 2.1
   author    : everthemes.com

File Name    : catalog/view/theme/*/template/common/header.tpl(0)
VQModObject::applyMod - SEARCH NOT FOUND (ABORTING MOD): <body class="<?php echo $base_class; ?>">
----------------------------------------------------------------------


---------- Date: 2013-11-09 05:48:36 ~ IP : 66.249.77.126 ----------
REQUEST URI : /index.php?route=product/search&amp;filter_tag=blouse+mutif&amp;sort=p.sort_order&amp;order=ASC&amp;limit=30&amp;page=4
MOD DETAILS:
   modFile   : /home/busanaco/public_html/vqmod/xml/blog_manager.xml
   id        : Blog Manager
   version   : 1.3.3
   vqmver    : 2.1.0
   author    : EchoThemes.com

File Name    : catalog/view/theme/*/template/common/header.tpl(0)
VQModObject::applyMod - SEARCH NOT FOUND (ABORTING MOD): lang="<?php echo $lang; ?>"

MOD DETAILS:
   modFile   : /home/busanaco/public_html/vqmod/xml/custom_body_classes.xml
   id        : Add custom classes to body
   version   : 1.0.1
   vqmver    : 2.1
   author    : everthemes.com

File Name    : catalog/view/theme/*/template/common/header.tpl(0)
VQModObject::applyMod - SEARCH NOT FOUND (ABORTING MOD): <body class="<?php echo $base_class; ?>">
----------------------------------------------------------------------


---------- Date: 2013-11-09 05:48:37 ~ IP : 54.244.56.142 ----------
REQUEST URI : /busana-wanita/catalog/view/theme/fortuna/js/jquery.dcjqaccordion.js
MOD DETAILS:
   modFile   : /home/busanaco/public_html/vqmod/xml/blog_manager.xml
   id        : Blog Manager
   version   : 1.3.3
   vqmver    : 2.1.0
   author    : EchoThemes.com

File Name    : catalog/view/theme/*/template/common/header.tpl(0)
VQModObject::applyMod - SEARCH NOT FOUND (ABORTING MOD): lang="<?php echo $lang; ?>"

MOD DETAILS:
   modFile   : /home/busanaco/public_html/vqmod/xml/custom_body_classes.xml
   id        : Add custom classes to body
   version   : 1.0.1
   vqmver    : 2.1
   author    : everthemes.com

File Name    : catalog/view/theme/*/template/common/header.tpl(0)
VQModObject::applyMod - SEARCH NOT FOUND (ABORTING MOD): <body class="<?php echo $base_class; ?>">
----------------------------------------------------------------------


---------- Date: 2013-11-09 05:48:37 ~ IP : 54.244.56.142 ----------
REQUEST URI : /busana-wanita/catalog/view/javascript/jquery/jquery.total-storage.min.js
MOD DETAILS:
   modFile   : /home/busanaco/public_html/vqmod/xml/blog_manager.xml
   id        : Blog Manager
   version   : 1.3.3
   vqmver    : 2.1.0
   author    : EchoThemes.com

File Name    : catalog/view/theme/*/template/common/header.tpl(0)
VQModObject::applyMod - SEARCH NOT FOUND (ABORTING MOD): lang="<?php echo $lang; ?>"

MOD DETAILS:
   modFile   : /home/busanaco/public_html/vqmod/xml/custom_body_classes.xml
   id        : Add custom classes to body
   version   : 1.0.1
   vqmver    : 2.1
   author    : everthemes.com

File Name    : catalog/view/theme/*/template/common/header.tpl(0)
VQModObject::applyMod - SEARCH NOT FOUND (ABORTING MOD): <body class="<?php echo $base_class; ?>">
----------------------------------------------------------------------


---------- Date: 2013-11-09 05:48:38 ~ IP : 180.248.226.44 ----------
REQUEST URI : /busana-wanita/tas/dompet/Dompet-Wanita-Inficlo-SFL-830
MOD DETAILS:
   modFile   : /home/busanaco/public_html/vqmod/xml/blog_manager.xml
   id        : Blog Manager
   version   : 1.3.3
   vqmver    : 2.1.0
   author    : EchoThemes.com

File Name    : catalog/view/theme/*/template/common/header.tpl(0)
VQModObject::applyMod - SEARCH NOT FOUND (ABORTING MOD): lang="<?php echo $lang; ?>"

MOD DETAILS:
   modFile   : /home/busanaco/public_html/vqmod/xml/custom_body_classes.xml
   id        : Add custom classes to body
   version   : 1.0.1
   vqmver    : 2.1
   author    : everthemes.com

File Name    : catalog/view/theme/*/template/common/header.tpl(0)
VQModObject::applyMod - SEARCH NOT FOUND (ABORTING MOD): <body class="<?php echo $base_class; ?>">
----------------------------------------------------------------------


---------- Date: 2013-11-09 05:48:39 ~ IP : 180.248.226.44 ----------
REQUEST URI : /busana-wanita/tas/dompet/catalog/view/theme/fortuna/images/stars-0.png
MOD DETAILS:
   modFile   : /home/busanaco/public_html/vqmod/xml/blog_manager.xml
   id        : Blog Manager
   version   : 1.3.3
   vqmver    : 2.1.0
   author    : EchoThemes.com

File Name    : catalog/view/theme/*/template/common/header.tpl(0)
VQModObject::applyMod - SEARCH NOT FOUND (ABORTING MOD): lang="<?php echo $lang; ?>"

MOD DETAILS:
   modFile   : /home/busanaco/public_html/vqmod/xml/custom_body_classes.xml
   id        : Add custom classes to body
   version   : 1.0.1
   vqmver    : 2.1
   author    : everthemes.com

File Name    : catalog/view/theme/*/template/common/header.tpl(0)
VQModObject::applyMod - SEARCH NOT FOUND (ABORTING MOD): <body class="<?php echo $base_class; ?>">
----------------------------------------------------------------------


---------- Date: 2013-11-09 05:48:40 ~ IP : 180.248.226.44 ----------
REQUEST URI : /busana-wanita/tas/dompet/index.php?route=product/product/captcha
MOD DETAILS:
   modFile   : /home/busanaco/public_html/vqmod/xml/blog_manager.xml
   id        : Blog Manager
   version   : 1.3.3
   vqmver    : 2.1.0
   author    : EchoThemes.com

File Name    : catalog/view/theme/*/template/common/header.tpl(0)
VQModObject::applyMod - SEARCH NOT FOUND (ABORTING MOD): lang="<?php echo $lang; ?>"

MOD DETAILS:
   modFile   : /home/busanaco/public_html/vqmod/xml/custom_body_classes.xml
   id        : Add custom classes to body
   version   : 1.0.1
   vqmver    : 2.1
   author    : everthemes.com

File Name    : catalog/view/theme/*/template/common/header.tpl(0)
VQModObject::applyMod - SEARCH NOT FOUND (ABORTING MOD): <body class="<?php echo $base_class; ?>">
----------------------------------------------------------------------


---------- Date: 2013-11-09 05:48:41 ~ IP : 180.248.226.44 ----------
REQUEST URI : /busana-wanita/tas/dompet/catalog/view/javascript/jquery/jquery.total-storage.min.js
MOD DETAILS:
   modFile   : /home/busanaco/public_html/vqmod/xml/blog_manager.xml
   id        : Blog Manager
   version   : 1.3.3
   vqmver    : 2.1.0
   author    : EchoThemes.com

File Name    : catalog/view/theme/*/template/common/header.tpl(0)
VQModObject::applyMod - SEARCH NOT FOUND (ABORTING MOD): lang="<?php echo $lang; ?>"

MOD DETAILS:
   modFile   : /home/busanaco/public_html/vqmod/xml/custom_body_classes.xml
   id        : Add custom classes to body
   version   : 1.0.1
   vqmver    : 2.1
   author    : everthemes.com

File Name    : catalog/view/theme/*/template/common/header.tpl(0)
VQModObject::applyMod - SEARCH NOT FOUND (ABORTING MOD): <body class="<?php echo $base_class; ?>">
----------------------------------------------------------------------


---------- Date: 2013-11-09 05:48:41 ~ IP : 180.248.226.44 ----------
REQUEST URI : /busana-wanita/tas/dompet/catalog/view/javascript/jquery/ui/jquery-ui-timepicker-addon.js
MOD DETAILS:
   modFile   : /home/busanaco/public_html/vqmod/xml/blog_manager.xml
   id        : Blog Manager
   version   : 1.3.3
   vqmver    : 2.1.0
   author    : EchoThemes.com

File Name    : catalog/view/theme/*/template/common/header.tpl(0)
VQModObject::applyMod - SEARCH NOT FOUND (ABORTING MOD): lang="<?php echo $lang; ?>"

MOD DETAILS:
   modFile   : /home/busanaco/public_html/vqmod/xml/custom_body_classes.xml
   id        : Add custom classes to body
   version   : 1.0.1
   vqmver    : 2.1
   author    : everthemes.com

File Name    : catalog/view/theme/*/template/common/header.tpl(0)
VQModObject::applyMod - SEARCH NOT FOUND (ABORTING MOD): <body class="<?php echo $base_class; ?>">
----------------------------------------------------------------------


---------- Date: 2013-11-09 05:48:42 ~ IP : 180.248.226.44 ----------
REQUEST URI : /busana-wanita/tas/dompet/catalog/view/theme/fortuna/images/icons/facebook.png
MOD DETAILS:
   modFile   : /home/busanaco/public_html/vqmod/xml/blog_manager.xml
   id        : Blog Manager
   version   : 1.3.3
   vqmver    : 2.1.0
   author    : EchoThemes.com

File Name    : catalog/view/theme/*/template/common/header.tpl(0)
VQModObject::applyMod - SEARCH NOT FOUND (ABORTING MOD): lang="<?php echo $lang; ?>"

MOD DETAILS:
   modFile   : /home/busanaco/public_html/vqmod/xml/custom_body_classes.xml
   id        : Add custom classes to body
   version   : 1.0.1
   vqmver    : 2.1
   author    : everthemes.com

File Name    : catalog/view/theme/*/template/common/header.tpl(0)
VQModObject::applyMod - SEARCH NOT FOUND (ABORTING MOD): <body class="<?php echo $base_class; ?>">
----------------------------------------------------------------------


---------- Date: 2013-11-09 05:48:42 ~ IP : 54.244.56.142 ----------
REQUEST URI : /busana-wanita/catalog/view/theme/fortuna/images/icons/facebook.png
MOD DETAILS:
   modFile   : /home/busanaco/public_html/vqmod/xml/blog_manager.xml
   id        : Blog Manager
   version   : 1.3.3
   vqmver    : 2.1.0
   author    : EchoThemes.com

File Name    : catalog/view/theme/*/template/common/header.tpl(0)
VQModObject::applyMod - SEARCH NOT FOUND (ABORTING MOD): lang="<?php echo $lang; ?>"

MOD DETAILS:
   modFile   : /home/busanaco/public_html/vqmod/xml/custom_body_classes.xml
   id        : Add custom classes to body
   version   : 1.0.1
   vqmver    : 2.1
   author    : everthemes.com

File Name    : catalog/view/theme/*/template/common/header.tpl(0)
VQModObject::applyMod - SEARCH NOT FOUND (ABORTING MOD): <body class="<?php echo $base_class; ?>">
----------------------------------------------------------------------


---------- Date: 2013-11-09 05:48:43 ~ IP : 180.248.226.44 ----------
REQUEST URI : /busana-wanita/tas/dompet/catalog/view/theme/fortuna/images/icons/twitter.png
MOD DETAILS:
   modFile   : /home/busanaco/public_html/vqmod/xml/blog_manager.xml
   id        : Blog Manager
   version   : 1.3.3
   vqmver    : 2.1.0
   author    : EchoThemes.com

File Name    : catalog/view/theme/*/template/common/header.tpl(0)
VQModObject::applyMod - SEARCH NOT FOUND (ABORTING MOD): lang="<?php echo $lang; ?>"

MOD DETAILS:
   modFile   : /home/busanaco/public_html/vqmod/xml/custom_body_classes.xml
   id        : Add custom classes to body
   version   : 1.0.1
   vqmver    : 2.1
   author    : everthemes.com

File Name    : catalog/view/theme/*/template/common/header.tpl(0)
VQModObject::applyMod - SEARCH NOT FOUND (ABORTING MOD): <body class="<?php echo $base_class; ?>">
----------------------------------------------------------------------


---------- Date: 2013-11-09 05:48:43 ~ IP : 54.244.56.142 ----------
REQUEST URI : /busana-wanita/catalog/view/theme/fortuna/images/icons/twitter.png
MOD DETAILS:
   modFile   : /home/busanaco/public_html/vqmod/xml/blog_manager.xml
   id        : Blog Manager
   version   : 1.3.3
   vqmver    : 2.1.0
   author    : EchoThemes.com

File Name    : catalog/view/theme/*/template/common/header.tpl(0)
VQModObject::applyMod - SEARCH NOT FOUND (ABORTING MOD): lang="<?php echo $lang; ?>"

MOD DETAILS:
   modFile   : /home/busanaco/public_html/vqmod/xml/custom_body_classes.xml
   id        : Add custom classes to body
   version   : 1.0.1
   vqmver    : 2.1
   author    : everthemes.com

File Name    : catalog/view/theme/*/template/common/header.tpl(0)
VQModObject::applyMod - SEARCH NOT FOUND (ABORTING MOD): <body class="<?php echo $base_class; ?>">
----------------------------------------------------------------------


---------- Date: 2013-11-09 05:48:44 ~ IP : 180.248.226.44 ----------
REQUEST URI : /busana-wanita/tas/dompet/catalog/view/theme/fortuna/images/icons/pinterest.png
MOD DETAILS:
   modFile   : /home/busanaco/public_html/vqmod/xml/blog_manager.xml
   id        : Blog Manager
   version   : 1.3.3
   vqmver    : 2.1.0
   author    : EchoThemes.com

File Name    : catalog/view/theme/*/template/common/header.tpl(0)
VQModObject::applyMod - SEARCH NOT FOUND (ABORTING MOD): lang="<?php echo $lang; ?>"

MOD DETAILS:
   modFile   : /home/busanaco/public_html/vqmod/xml/custom_body_classes.xml
   id        : Add custom classes to body
   version   : 1.0.1
   vqmver    : 2.1
   author    : everthemes.com

File Name    : catalog/view/theme/*/template/common/header.tpl(0)
VQModObject::applyMod - SEARCH NOT FOUND (ABORTING MOD): <body class="<?php echo $base_class; ?>">
----------------------------------------------------------------------


---------- Date: 2013-11-09 05:48:44 ~ IP : 54.244.56.142 ----------
REQUEST URI : /busana-wanita/catalog/view/theme/fortuna/images/icons/pinterest.png
MOD DETAILS:
   modFile   : /home/busanaco/public_html/vqmod/xml/blog_manager.xml
   id        : Blog Manager
   version   : 1.3.3
   vqmver    : 2.1.0
   author    : EchoThemes.com

File Name    : catalog/view/theme/*/template/common/header.tpl(0)
VQModObject::applyMod - SEARCH NOT FOUND (ABORTING MOD): lang="<?php echo $lang; ?>"

MOD DETAILS:
   modFile   : /home/busanaco/public_html/vqmod/xml/custom_body_classes.xml
   id        : Add custom classes to body
   version   : 1.0.1
   vqmver    : 2.1
   author    : everthemes.com

File Name    : catalog/view/theme/*/template/common/header.tpl(0)
VQModObject::applyMod - SEARCH NOT FOUND (ABORTING MOD): <body class="<?php echo $base_class; ?>">
----------------------------------------------------------------------


---------- Date: 2013-11-09 05:48:45 ~ IP : 180.248.226.44 ----------
REQUEST URI : /busana-wanita/tas/dompet/catalog/view/javascript/jquery/jquery.total-storage.min.js
MOD DETAILS:
   modFile   : /home/busanaco/public_html/vqmod/xml/blog_manager.xml
   id        : Blog Manager
   version   : 1.3.3
   vqmver    : 2.1.0
   author    : EchoThemes.com

File Name    : catalog/view/theme/*/template/common/header.tpl(0)
VQModObject::applyMod - SEARCH NOT FOUND (ABORTING MOD): lang="<?php echo $lang; ?>"

MOD DETAILS:
   modFile   : /home/busanaco/public_html/vqmod/xml/custom_body_classes.xml
   id        : Add custom classes to body
   version   : 1.0.1
   vqmver    : 2.1
   author    : everthemes.com

File Name    : catalog/view/theme/*/template/common/header.tpl(0)
VQModObject::applyMod - SEARCH NOT FOUND (ABORTING MOD): <body class="<?php echo $base_class; ?>">
----------------------------------------------------------------------


---------- Date: 2013-11-09 05:48:45 ~ IP : 180.76.5.23 ----------
REQUEST URI : /busana-anak?sort=rating&amp;order=ASC&amp;page=1
MOD DETAILS:
   modFile   : /home/busanaco/public_html/vqmod/xml/blog_manager.xml
   id        : Blog Manager
   version   : 1.3.3
   vqmver    : 2.1.0
   author    : EchoThemes.com

File Name    : catalog/view/theme/*/template/common/header.tpl(0)
VQModObject::applyMod - SEARCH NOT FOUND (ABORTING MOD): lang="<?php echo $lang; ?>"

MOD DETAILS:
   modFile   : /home/busanaco/public_html/vqmod/xml/custom_body_classes.xml
   id        : Add custom classes to body
   version   : 1.0.1
   vqmver    : 2.1
   author    : everthemes.com

File Name    : catalog/view/theme/*/template/common/header.tpl(0)
VQModObject::applyMod - SEARCH NOT FOUND (ABORTING MOD): <body class="<?php echo $base_class; ?>">
----------------------------------------------------------------------


