---------- Date: 2013-07-30 10:23:10 ~ IP : 127.0.0.1 ----------
REQUEST URI : /opencart/admin/index.php?route=common/home&amp;token=6745ce8e8dd8ba0fa3983b7adedb4646
DOM UNABLE TO LOAD: /opt/lampp/htdocs/opencart/vqmod/xml/custom_body_classes.xml
DOM UNABLE TO LOAD: /opt/lampp/htdocs/opencart/vqmod/xml/previous_next_product.xml
DOM UNABLE TO LOAD: /opt/lampp/htdocs/opencart/vqmod/xml/product-image-zoom.xml
DOM UNABLE TO LOAD: /opt/lampp/htdocs/opencart/vqmod/xml/subcategory_thumbnails.xml
DOM UNABLE TO LOAD: /opt/lampp/htdocs/opencart/vqmod/xml/template_misc_options.xml
----------------------------------------------------------------------


---------- Date: 2013-07-30 10:23:11 ~ IP : 127.0.0.1 ----------
REQUEST URI : /opencart/admin/index.php?route=common/home/chart&amp;token=6745ce8e8dd8ba0fa3983b7adedb4646&amp;range=day
DOM UNABLE TO LOAD: /opt/lampp/htdocs/opencart/vqmod/xml/custom_body_classes.xml
DOM UNABLE TO LOAD: /opt/lampp/htdocs/opencart/vqmod/xml/previous_next_product.xml
DOM UNABLE TO LOAD: /opt/lampp/htdocs/opencart/vqmod/xml/product-image-zoom.xml
DOM UNABLE TO LOAD: /opt/lampp/htdocs/opencart/vqmod/xml/subcategory_thumbnails.xml
DOM UNABLE TO LOAD: /opt/lampp/htdocs/opencart/vqmod/xml/template_misc_options.xml
----------------------------------------------------------------------


---------- Date: 2013-07-30 10:23:28 ~ IP : 127.0.0.1 ----------
REQUEST URI : /opencart/admin/index.php?route=extension/module&amp;token=6745ce8e8dd8ba0fa3983b7adedb4646
DOM UNABLE TO LOAD: /opt/lampp/htdocs/opencart/vqmod/xml/custom_body_classes.xml
DOM UNABLE TO LOAD: /opt/lampp/htdocs/opencart/vqmod/xml/previous_next_product.xml
DOM UNABLE TO LOAD: /opt/lampp/htdocs/opencart/vqmod/xml/product-image-zoom.xml
DOM UNABLE TO LOAD: /opt/lampp/htdocs/opencart/vqmod/xml/subcategory_thumbnails.xml
DOM UNABLE TO LOAD: /opt/lampp/htdocs/opencart/vqmod/xml/template_misc_options.xml
----------------------------------------------------------------------


---------- Date: 2013-07-30 10:24:08 ~ IP : 127.0.0.1 ----------
REQUEST URI : /opencart/admin/index.php?route=setting/store&amp;token=6745ce8e8dd8ba0fa3983b7adedb4646
DOM UNABLE TO LOAD: /opt/lampp/htdocs/opencart/vqmod/xml/custom_body_classes.xml
DOM UNABLE TO LOAD: /opt/lampp/htdocs/opencart/vqmod/xml/previous_next_product.xml
DOM UNABLE TO LOAD: /opt/lampp/htdocs/opencart/vqmod/xml/product-image-zoom.xml
DOM UNABLE TO LOAD: /opt/lampp/htdocs/opencart/vqmod/xml/subcategory_thumbnails.xml
DOM UNABLE TO LOAD: /opt/lampp/htdocs/opencart/vqmod/xml/template_misc_options.xml
----------------------------------------------------------------------


---------- Date: 2013-07-30 10:24:18 ~ IP : 127.0.0.1 ----------
REQUEST URI : /opencart/admin/index.php?route=setting/setting&amp;token=6745ce8e8dd8ba0fa3983b7adedb4646
DOM UNABLE TO LOAD: /opt/lampp/htdocs/opencart/vqmod/xml/custom_body_classes.xml
DOM UNABLE TO LOAD: /opt/lampp/htdocs/opencart/vqmod/xml/previous_next_product.xml
DOM UNABLE TO LOAD: /opt/lampp/htdocs/opencart/vqmod/xml/product-image-zoom.xml
DOM UNABLE TO LOAD: /opt/lampp/htdocs/opencart/vqmod/xml/subcategory_thumbnails.xml
DOM UNABLE TO LOAD: /opt/lampp/htdocs/opencart/vqmod/xml/template_misc_options.xml
----------------------------------------------------------------------


---------- Date: 2013-07-30 10:24:20 ~ IP : 127.0.0.1 ----------
REQUEST URI : /opencart/admin/index.php?route=setting/setting/country&amp;token=6745ce8e8dd8ba0fa3983b7adedb4646&amp;country_id=100
DOM UNABLE TO LOAD: /opt/lampp/htdocs/opencart/vqmod/xml/custom_body_classes.xml
DOM UNABLE TO LOAD: /opt/lampp/htdocs/opencart/vqmod/xml/previous_next_product.xml
DOM UNABLE TO LOAD: /opt/lampp/htdocs/opencart/vqmod/xml/product-image-zoom.xml
DOM UNABLE TO LOAD: /opt/lampp/htdocs/opencart/vqmod/xml/subcategory_thumbnails.xml
DOM UNABLE TO LOAD: /opt/lampp/htdocs/opencart/vqmod/xml/template_misc_options.xml
----------------------------------------------------------------------


---------- Date: 2013-07-30 10:24:20 ~ IP : 127.0.0.1 ----------
REQUEST URI : /opencart/admin/index.php?route=setting/setting/template&amp;token=6745ce8e8dd8ba0fa3983b7adedb4646&amp;template=default
DOM UNABLE TO LOAD: /opt/lampp/htdocs/opencart/vqmod/xml/custom_body_classes.xml
DOM UNABLE TO LOAD: /opt/lampp/htdocs/opencart/vqmod/xml/previous_next_product.xml
DOM UNABLE TO LOAD: /opt/lampp/htdocs/opencart/vqmod/xml/product-image-zoom.xml
DOM UNABLE TO LOAD: /opt/lampp/htdocs/opencart/vqmod/xml/subcategory_thumbnails.xml
DOM UNABLE TO LOAD: /opt/lampp/htdocs/opencart/vqmod/xml/template_misc_options.xml
----------------------------------------------------------------------


---------- Date: 2013-07-30 10:24:26 ~ IP : 127.0.0.1 ----------
REQUEST URI : /opencart/admin/index.php?route=setting/setting/template&amp;token=6745ce8e8dd8ba0fa3983b7adedb4646&amp;template=fortuna
DOM UNABLE TO LOAD: /opt/lampp/htdocs/opencart/vqmod/xml/custom_body_classes.xml
DOM UNABLE TO LOAD: /opt/lampp/htdocs/opencart/vqmod/xml/previous_next_product.xml
DOM UNABLE TO LOAD: /opt/lampp/htdocs/opencart/vqmod/xml/product-image-zoom.xml
DOM UNABLE TO LOAD: /opt/lampp/htdocs/opencart/vqmod/xml/subcategory_thumbnails.xml
DOM UNABLE TO LOAD: /opt/lampp/htdocs/opencart/vqmod/xml/template_misc_options.xml
----------------------------------------------------------------------


---------- Date: 2013-07-30 10:24:35 ~ IP : 127.0.0.1 ----------
REQUEST URI : /opencart/admin/index.php?route=setting/setting&amp;token=6745ce8e8dd8ba0fa3983b7adedb4646
DOM UNABLE TO LOAD: /opt/lampp/htdocs/opencart/vqmod/xml/custom_body_classes.xml
DOM UNABLE TO LOAD: /opt/lampp/htdocs/opencart/vqmod/xml/previous_next_product.xml
DOM UNABLE TO LOAD: /opt/lampp/htdocs/opencart/vqmod/xml/product-image-zoom.xml
DOM UNABLE TO LOAD: /opt/lampp/htdocs/opencart/vqmod/xml/subcategory_thumbnails.xml
DOM UNABLE TO LOAD: /opt/lampp/htdocs/opencart/vqmod/xml/template_misc_options.xml
----------------------------------------------------------------------


---------- Date: 2013-07-30 10:24:35 ~ IP : 127.0.0.1 ----------
REQUEST URI : /opencart/admin/index.php?route=setting/store&amp;token=6745ce8e8dd8ba0fa3983b7adedb4646
DOM UNABLE TO LOAD: /opt/lampp/htdocs/opencart/vqmod/xml/custom_body_classes.xml
DOM UNABLE TO LOAD: /opt/lampp/htdocs/opencart/vqmod/xml/previous_next_product.xml
DOM UNABLE TO LOAD: /opt/lampp/htdocs/opencart/vqmod/xml/product-image-zoom.xml
DOM UNABLE TO LOAD: /opt/lampp/htdocs/opencart/vqmod/xml/subcategory_thumbnails.xml
DOM UNABLE TO LOAD: /opt/lampp/htdocs/opencart/vqmod/xml/template_misc_options.xml
----------------------------------------------------------------------


---------- Date: 2013-07-30 10:24:42 ~ IP : 127.0.0.1 ----------
REQUEST URI : /opencart/index.php?route=product/category&amp;path=20
DOM UNABLE TO LOAD: /opt/lampp/htdocs/opencart/vqmod/xml/custom_body_classes.xml
DOM UNABLE TO LOAD: /opt/lampp/htdocs/opencart/vqmod/xml/previous_next_product.xml
DOM UNABLE TO LOAD: /opt/lampp/htdocs/opencart/vqmod/xml/product-image-zoom.xml
DOM UNABLE TO LOAD: /opt/lampp/htdocs/opencart/vqmod/xml/subcategory_thumbnails.xml
DOM UNABLE TO LOAD: /opt/lampp/htdocs/opencart/vqmod/xml/template_misc_options.xml
----------------------------------------------------------------------


---------- Date: 2013-07-30 10:24:50 ~ IP : 127.0.0.1 ----------
REQUEST URI : /opencart/admin/index.php?route=setting/setting&amp;token=6745ce8e8dd8ba0fa3983b7adedb4646
DOM UNABLE TO LOAD: /opt/lampp/htdocs/opencart/vqmod/xml/custom_body_classes.xml
DOM UNABLE TO LOAD: /opt/lampp/htdocs/opencart/vqmod/xml/previous_next_product.xml
DOM UNABLE TO LOAD: /opt/lampp/htdocs/opencart/vqmod/xml/product-image-zoom.xml
DOM UNABLE TO LOAD: /opt/lampp/htdocs/opencart/vqmod/xml/subcategory_thumbnails.xml
DOM UNABLE TO LOAD: /opt/lampp/htdocs/opencart/vqmod/xml/template_misc_options.xml
----------------------------------------------------------------------


---------- Date: 2013-07-30 10:24:51 ~ IP : 127.0.0.1 ----------
REQUEST URI : /opencart/admin/index.php?route=setting/setting/country&amp;token=6745ce8e8dd8ba0fa3983b7adedb4646&amp;country_id=100
DOM UNABLE TO LOAD: /opt/lampp/htdocs/opencart/vqmod/xml/custom_body_classes.xml
DOM UNABLE TO LOAD: /opt/lampp/htdocs/opencart/vqmod/xml/previous_next_product.xml
DOM UNABLE TO LOAD: /opt/lampp/htdocs/opencart/vqmod/xml/product-image-zoom.xml
DOM UNABLE TO LOAD: /opt/lampp/htdocs/opencart/vqmod/xml/subcategory_thumbnails.xml
DOM UNABLE TO LOAD: /opt/lampp/htdocs/opencart/vqmod/xml/template_misc_options.xml
----------------------------------------------------------------------


---------- Date: 2013-07-30 10:24:51 ~ IP : 127.0.0.1 ----------
REQUEST URI : /opencart/admin/index.php?route=setting/setting/template&amp;token=6745ce8e8dd8ba0fa3983b7adedb4646&amp;template=fortuna
DOM UNABLE TO LOAD: /opt/lampp/htdocs/opencart/vqmod/xml/custom_body_classes.xml
DOM UNABLE TO LOAD: /opt/lampp/htdocs/opencart/vqmod/xml/previous_next_product.xml
DOM UNABLE TO LOAD: /opt/lampp/htdocs/opencart/vqmod/xml/product-image-zoom.xml
DOM UNABLE TO LOAD: /opt/lampp/htdocs/opencart/vqmod/xml/subcategory_thumbnails.xml
DOM UNABLE TO LOAD: /opt/lampp/htdocs/opencart/vqmod/xml/template_misc_options.xml
----------------------------------------------------------------------


---------- Date: 2013-07-30 10:25:10 ~ IP : 127.0.0.1 ----------
REQUEST URI : /opencart/admin/index.php?route=common/home&amp;token=6745ce8e8dd8ba0fa3983b7adedb4646
DOM UNABLE TO LOAD: /opt/lampp/htdocs/opencart/vqmod/xml/custom_body_classes.xml
DOM UNABLE TO LOAD: /opt/lampp/htdocs/opencart/vqmod/xml/previous_next_product.xml
DOM UNABLE TO LOAD: /opt/lampp/htdocs/opencart/vqmod/xml/product-image-zoom.xml
DOM UNABLE TO LOAD: /opt/lampp/htdocs/opencart/vqmod/xml/subcategory_thumbnails.xml
DOM UNABLE TO LOAD: /opt/lampp/htdocs/opencart/vqmod/xml/template_misc_options.xml
----------------------------------------------------------------------


---------- Date: 2013-07-30 10:25:15 ~ IP : 127.0.0.1 ----------
REQUEST URI : /opencart/index.php?route=common/home
DOM UNABLE TO LOAD: /opt/lampp/htdocs/opencart/vqmod/xml/custom_body_classes.xml
DOM UNABLE TO LOAD: /opt/lampp/htdocs/opencart/vqmod/xml/previous_next_product.xml
DOM UNABLE TO LOAD: /opt/lampp/htdocs/opencart/vqmod/xml/product-image-zoom.xml
DOM UNABLE TO LOAD: /opt/lampp/htdocs/opencart/vqmod/xml/subcategory_thumbnails.xml
DOM UNABLE TO LOAD: /opt/lampp/htdocs/opencart/vqmod/xml/template_misc_options.xml
----------------------------------------------------------------------


---------- Date: 2013-07-30 10:25:15 ~ IP : 127.0.0.1 ----------
REQUEST URI : /opencart/index.php?route=common/home
DOM UNABLE TO LOAD: /opt/lampp/htdocs/opencart/vqmod/xml/custom_body_classes.xml
DOM UNABLE TO LOAD: /opt/lampp/htdocs/opencart/vqmod/xml/previous_next_product.xml
DOM UNABLE TO LOAD: /opt/lampp/htdocs/opencart/vqmod/xml/product-image-zoom.xml
DOM UNABLE TO LOAD: /opt/lampp/htdocs/opencart/vqmod/xml/subcategory_thumbnails.xml
DOM UNABLE TO LOAD: /opt/lampp/htdocs/opencart/vqmod/xml/template_misc_options.xml
----------------------------------------------------------------------


---------- Date: 2013-07-30 10:25:15 ~ IP : 127.0.0.1 ----------
REQUEST URI : /opencart/admin/index.php?route=common/home/chart&amp;token=6745ce8e8dd8ba0fa3983b7adedb4646&amp;range=day
DOM UNABLE TO LOAD: /opt/lampp/htdocs/opencart/vqmod/xml/custom_body_classes.xml
DOM UNABLE TO LOAD: /opt/lampp/htdocs/opencart/vqmod/xml/previous_next_product.xml
DOM UNABLE TO LOAD: /opt/lampp/htdocs/opencart/vqmod/xml/product-image-zoom.xml
DOM UNABLE TO LOAD: /opt/lampp/htdocs/opencart/vqmod/xml/subcategory_thumbnails.xml
DOM UNABLE TO LOAD: /opt/lampp/htdocs/opencart/vqmod/xml/template_misc_options.xml
----------------------------------------------------------------------


---------- Date: 2013-07-30 10:25:30 ~ IP : 127.0.0.1 ----------
REQUEST URI : /opencart/admin/index.php?route=blog/blog&amp;token=6745ce8e8dd8ba0fa3983b7adedb4646
DOM UNABLE TO LOAD: /opt/lampp/htdocs/opencart/vqmod/xml/custom_body_classes.xml
DOM UNABLE TO LOAD: /opt/lampp/htdocs/opencart/vqmod/xml/previous_next_product.xml
DOM UNABLE TO LOAD: /opt/lampp/htdocs/opencart/vqmod/xml/product-image-zoom.xml
DOM UNABLE TO LOAD: /opt/lampp/htdocs/opencart/vqmod/xml/subcategory_thumbnails.xml
DOM UNABLE TO LOAD: /opt/lampp/htdocs/opencart/vqmod/xml/template_misc_options.xml
----------------------------------------------------------------------


---------- Date: 2013-07-30 10:26:05 ~ IP : 127.0.0.1 ----------
REQUEST URI : /opencart/admin/index.php?route=extension/module&amp;token=6745ce8e8dd8ba0fa3983b7adedb4646
DOM UNABLE TO LOAD: /opt/lampp/htdocs/opencart/vqmod/xml/custom_body_classes.xml
DOM UNABLE TO LOAD: /opt/lampp/htdocs/opencart/vqmod/xml/previous_next_product.xml
DOM UNABLE TO LOAD: /opt/lampp/htdocs/opencart/vqmod/xml/product-image-zoom.xml
DOM UNABLE TO LOAD: /opt/lampp/htdocs/opencart/vqmod/xml/subcategory_thumbnails.xml
DOM UNABLE TO LOAD: /opt/lampp/htdocs/opencart/vqmod/xml/template_misc_options.xml
----------------------------------------------------------------------


---------- Date: 2013-07-30 10:26:29 ~ IP : 127.0.0.1 ----------
REQUEST URI : /opencart/admin/index.php?route=setting/store&amp;token=6745ce8e8dd8ba0fa3983b7adedb4646
DOM UNABLE TO LOAD: /opt/lampp/htdocs/opencart/vqmod/xml/custom_body_classes.xml
DOM UNABLE TO LOAD: /opt/lampp/htdocs/opencart/vqmod/xml/previous_next_product.xml
DOM UNABLE TO LOAD: /opt/lampp/htdocs/opencart/vqmod/xml/product-image-zoom.xml
DOM UNABLE TO LOAD: /opt/lampp/htdocs/opencart/vqmod/xml/subcategory_thumbnails.xml
DOM UNABLE TO LOAD: /opt/lampp/htdocs/opencart/vqmod/xml/template_misc_options.xml
----------------------------------------------------------------------


---------- Date: 2013-07-30 10:26:34 ~ IP : 127.0.0.1 ----------
REQUEST URI : /opencart/admin/index.php?route=setting/setting&amp;token=6745ce8e8dd8ba0fa3983b7adedb4646
DOM UNABLE TO LOAD: /opt/lampp/htdocs/opencart/vqmod/xml/custom_body_classes.xml
DOM UNABLE TO LOAD: /opt/lampp/htdocs/opencart/vqmod/xml/previous_next_product.xml
DOM UNABLE TO LOAD: /opt/lampp/htdocs/opencart/vqmod/xml/product-image-zoom.xml
DOM UNABLE TO LOAD: /opt/lampp/htdocs/opencart/vqmod/xml/subcategory_thumbnails.xml
DOM UNABLE TO LOAD: /opt/lampp/htdocs/opencart/vqmod/xml/template_misc_options.xml
----------------------------------------------------------------------


---------- Date: 2013-07-30 10:26:35 ~ IP : 127.0.0.1 ----------
REQUEST URI : /opencart/admin/index.php?route=setting/setting/country&amp;token=6745ce8e8dd8ba0fa3983b7adedb4646&amp;country_id=100
DOM UNABLE TO LOAD: /opt/lampp/htdocs/opencart/vqmod/xml/custom_body_classes.xml
DOM UNABLE TO LOAD: /opt/lampp/htdocs/opencart/vqmod/xml/previous_next_product.xml
DOM UNABLE TO LOAD: /opt/lampp/htdocs/opencart/vqmod/xml/product-image-zoom.xml
DOM UNABLE TO LOAD: /opt/lampp/htdocs/opencart/vqmod/xml/subcategory_thumbnails.xml
DOM UNABLE TO LOAD: /opt/lampp/htdocs/opencart/vqmod/xml/template_misc_options.xml
----------------------------------------------------------------------


---------- Date: 2013-07-30 10:26:35 ~ IP : 127.0.0.1 ----------
REQUEST URI : /opencart/admin/index.php?route=setting/setting/template&amp;token=6745ce8e8dd8ba0fa3983b7adedb4646&amp;template=fortuna
DOM UNABLE TO LOAD: /opt/lampp/htdocs/opencart/vqmod/xml/custom_body_classes.xml
DOM UNABLE TO LOAD: /opt/lampp/htdocs/opencart/vqmod/xml/previous_next_product.xml
DOM UNABLE TO LOAD: /opt/lampp/htdocs/opencart/vqmod/xml/product-image-zoom.xml
DOM UNABLE TO LOAD: /opt/lampp/htdocs/opencart/vqmod/xml/subcategory_thumbnails.xml
DOM UNABLE TO LOAD: /opt/lampp/htdocs/opencart/vqmod/xml/template_misc_options.xml
----------------------------------------------------------------------


---------- Date: 2013-07-30 10:26:40 ~ IP : 127.0.0.1 ----------
REQUEST URI : /opencart/admin/index.php?route=setting/setting/template&amp;token=6745ce8e8dd8ba0fa3983b7adedb4646&amp;template=default
DOM UNABLE TO LOAD: /opt/lampp/htdocs/opencart/vqmod/xml/custom_body_classes.xml
DOM UNABLE TO LOAD: /opt/lampp/htdocs/opencart/vqmod/xml/previous_next_product.xml
DOM UNABLE TO LOAD: /opt/lampp/htdocs/opencart/vqmod/xml/product-image-zoom.xml
DOM UNABLE TO LOAD: /opt/lampp/htdocs/opencart/vqmod/xml/subcategory_thumbnails.xml
DOM UNABLE TO LOAD: /opt/lampp/htdocs/opencart/vqmod/xml/template_misc_options.xml
----------------------------------------------------------------------


---------- Date: 2013-07-30 10:26:42 ~ IP : 127.0.0.1 ----------
REQUEST URI : /opencart/admin/index.php?route=setting/setting/template&amp;token=6745ce8e8dd8ba0fa3983b7adedb4646&amp;template=fortuna
DOM UNABLE TO LOAD: /opt/lampp/htdocs/opencart/vqmod/xml/custom_body_classes.xml
DOM UNABLE TO LOAD: /opt/lampp/htdocs/opencart/vqmod/xml/previous_next_product.xml
DOM UNABLE TO LOAD: /opt/lampp/htdocs/opencart/vqmod/xml/product-image-zoom.xml
DOM UNABLE TO LOAD: /opt/lampp/htdocs/opencart/vqmod/xml/subcategory_thumbnails.xml
DOM UNABLE TO LOAD: /opt/lampp/htdocs/opencart/vqmod/xml/template_misc_options.xml
----------------------------------------------------------------------


---------- Date: 2013-07-30 10:26:44 ~ IP : 127.0.0.1 ----------
REQUEST URI : /opencart/admin/index.php?route=setting/setting/template&amp;token=6745ce8e8dd8ba0fa3983b7adedb4646&amp;template=default
DOM UNABLE TO LOAD: /opt/lampp/htdocs/opencart/vqmod/xml/custom_body_classes.xml
DOM UNABLE TO LOAD: /opt/lampp/htdocs/opencart/vqmod/xml/previous_next_product.xml
DOM UNABLE TO LOAD: /opt/lampp/htdocs/opencart/vqmod/xml/product-image-zoom.xml
DOM UNABLE TO LOAD: /opt/lampp/htdocs/opencart/vqmod/xml/subcategory_thumbnails.xml
DOM UNABLE TO LOAD: /opt/lampp/htdocs/opencart/vqmod/xml/template_misc_options.xml
----------------------------------------------------------------------


---------- Date: 2013-07-30 10:26:50 ~ IP : 127.0.0.1 ----------
REQUEST URI : /opencart/admin/index.php?route=setting/setting&amp;token=6745ce8e8dd8ba0fa3983b7adedb4646
DOM UNABLE TO LOAD: /opt/lampp/htdocs/opencart/vqmod/xml/custom_body_classes.xml
DOM UNABLE TO LOAD: /opt/lampp/htdocs/opencart/vqmod/xml/previous_next_product.xml
DOM UNABLE TO LOAD: /opt/lampp/htdocs/opencart/vqmod/xml/product-image-zoom.xml
DOM UNABLE TO LOAD: /opt/lampp/htdocs/opencart/vqmod/xml/subcategory_thumbnails.xml
DOM UNABLE TO LOAD: /opt/lampp/htdocs/opencart/vqmod/xml/template_misc_options.xml
----------------------------------------------------------------------


---------- Date: 2013-07-30 10:26:51 ~ IP : 127.0.0.1 ----------
REQUEST URI : /opencart/admin/index.php?route=setting/store&amp;token=6745ce8e8dd8ba0fa3983b7adedb4646
DOM UNABLE TO LOAD: /opt/lampp/htdocs/opencart/vqmod/xml/custom_body_classes.xml
DOM UNABLE TO LOAD: /opt/lampp/htdocs/opencart/vqmod/xml/previous_next_product.xml
DOM UNABLE TO LOAD: /opt/lampp/htdocs/opencart/vqmod/xml/product-image-zoom.xml
DOM UNABLE TO LOAD: /opt/lampp/htdocs/opencart/vqmod/xml/subcategory_thumbnails.xml
DOM UNABLE TO LOAD: /opt/lampp/htdocs/opencart/vqmod/xml/template_misc_options.xml
----------------------------------------------------------------------


---------- Date: 2013-07-30 10:29:13 ~ IP : 127.0.0.1 ----------
REQUEST URI : /opencart/admin/index.php?route=extension/module&amp;token=6745ce8e8dd8ba0fa3983b7adedb4646
DOM UNABLE TO LOAD: /opt/lampp/htdocs/opencart/vqmod/xml/custom_body_classes.xml
DOM UNABLE TO LOAD: /opt/lampp/htdocs/opencart/vqmod/xml/previous_next_product.xml
DOM UNABLE TO LOAD: /opt/lampp/htdocs/opencart/vqmod/xml/product-image-zoom.xml
DOM UNABLE TO LOAD: /opt/lampp/htdocs/opencart/vqmod/xml/subcategory_thumbnails.xml
DOM UNABLE TO LOAD: /opt/lampp/htdocs/opencart/vqmod/xml/template_misc_options.xml
----------------------------------------------------------------------


---------- Date: 2013-07-30 10:29:38 ~ IP : 127.0.0.1 ----------
REQUEST URI : /opencart/admin/index.php?route=module/store&amp;token=6745ce8e8dd8ba0fa3983b7adedb4646
DOM UNABLE TO LOAD: /opt/lampp/htdocs/opencart/vqmod/xml/custom_body_classes.xml
DOM UNABLE TO LOAD: /opt/lampp/htdocs/opencart/vqmod/xml/previous_next_product.xml
DOM UNABLE TO LOAD: /opt/lampp/htdocs/opencart/vqmod/xml/product-image-zoom.xml
DOM UNABLE TO LOAD: /opt/lampp/htdocs/opencart/vqmod/xml/subcategory_thumbnails.xml
DOM UNABLE TO LOAD: /opt/lampp/htdocs/opencart/vqmod/xml/template_misc_options.xml
----------------------------------------------------------------------


---------- Date: 2013-07-30 10:29:44 ~ IP : 127.0.0.1 ----------
REQUEST URI : /opencart/admin/index.php?route=extension/module&amp;token=6745ce8e8dd8ba0fa3983b7adedb4646
DOM UNABLE TO LOAD: /opt/lampp/htdocs/opencart/vqmod/xml/custom_body_classes.xml
DOM UNABLE TO LOAD: /opt/lampp/htdocs/opencart/vqmod/xml/previous_next_product.xml
DOM UNABLE TO LOAD: /opt/lampp/htdocs/opencart/vqmod/xml/product-image-zoom.xml
DOM UNABLE TO LOAD: /opt/lampp/htdocs/opencart/vqmod/xml/subcategory_thumbnails.xml
DOM UNABLE TO LOAD: /opt/lampp/htdocs/opencart/vqmod/xml/template_misc_options.xml
----------------------------------------------------------------------


